#! /c/Source/iverilog-install/bin/vvp
:ivl_version "12.0 (devel)" "(s20150603-1110-g18392a46)";
:ivl_delay_selection "TYPICAL";
:vpi_time_precision - 12;
:vpi_module "C:\iverilog\lib\ivl\system.vpi";
:vpi_module "C:\iverilog\lib\ivl\vhdl_sys.vpi";
:vpi_module "C:\iverilog\lib\ivl\vhdl_textio.vpi";
:vpi_module "C:\iverilog\lib\ivl\v2005_math.vpi";
:vpi_module "C:\iverilog\lib\ivl\va_math.vpi";
S_0000017c36be6260 .scope module, "automatic_washing_machine" "automatic_washing_machine" 2 3;
 .timescale -9 -12;
    .port_info 0 /INPUT 1 "clk";
    .port_info 1 /INPUT 1 "reset";
    .port_info 2 /INPUT 1 "start";
    .port_info 3 /INPUT 1 "door_close";
    .port_info 4 /INPUT 1 "filled";
    .port_info 5 /INPUT 1 "detergent_added";
    .port_info 6 /INPUT 1 "wash_done";
    .port_info 7 /INPUT 1 "drained_1";
    .port_info 8 /INPUT 1 "rinse_filled";
    .port_info 9 /INPUT 1 "drained_2";
    .port_info 10 /INPUT 1 "spin_done";
    .port_info 11 /OUTPUT 1 "fill_valve_on";
    .port_info 12 /OUTPUT 1 "detergent_valve_on";
    .port_info 13 /OUTPUT 1 "motor_on";
    .port_info 14 /OUTPUT 1 "drain_valve_on";
    .port_info 15 /OUTPUT 1 "spin_motor_on";
    .port_info 16 /OUTPUT 1 "door_lock";
    .port_info 17 /OUTPUT 1 "done";
P_0000017c36be63f0 .param/l "S0" 0 2 28, C4<0000>;
P_0000017c36be6428 .param/l "S1" 0 2 29, C4<0001>;
P_0000017c36be6460 .param/l "S2" 0 2 30, C4<0010>;
P_0000017c36be6498 .param/l "S3" 0 2 31, C4<0011>;
P_0000017c36be64d0 .param/l "S4" 0 2 32, C4<0100>;
P_0000017c36be6508 .param/l "S5" 0 2 33, C4<0101>;
P_0000017c36be6540 .param/l "S6" 0 2 34, C4<0110>;
P_0000017c36be6578 .param/l "S7" 0 2 35, C4<0111>;
P_0000017c36be65b0 .param/l "S8" 0 2 36, C4<1000>;
o0000017c36b34fa8 .functor BUFZ 1, C4<z>; HiZ drive
v0000017c36bebd80_0 .net "clk", 0 0, o0000017c36b34fa8;  0 drivers
v0000017c36b23160_0 .var "current_state", 3 0;
o0000017c36b35008 .functor BUFZ 1, C4<z>; HiZ drive
v0000017c36b23200_0 .net "detergent_added", 0 0, o0000017c36b35008;  0 drivers
v0000017c36b232a0_0 .var "detergent_valve_on", 0 0;
v0000017c36b23340_0 .var "done", 0 0;
o0000017c36b35098 .functor BUFZ 1, C4<z>; HiZ drive
v0000017c36b233e0_0 .net "door_close", 0 0, o0000017c36b35098;  0 drivers
v0000017c36b23480_0 .var "door_lock", 0 0;
v0000017c36b23520_0 .var "drain_valve_on", 0 0;
o0000017c36b35128 .functor BUFZ 1, C4<z>; HiZ drive
v0000017c36b235c0_0 .net "drained_1", 0 0, o0000017c36b35128;  0 drivers
o0000017c36b35158 .functor BUFZ 1, C4<z>; HiZ drive
v0000017c36b23660_0 .net "drained_2", 0 0, o0000017c36b35158;  0 drivers
v0000017c36b23700_0 .var "fill_valve_on", 0 0;
o0000017c36b351b8 .functor BUFZ 1, C4<z>; HiZ drive
v0000017c36b241f0_0 .net "filled", 0 0, o0000017c36b351b8;  0 drivers
v0000017c36b24290_0 .var "motor_on", 0 0;
v0000017c36b246f0_0 .var "next_state", 3 0;
o0000017c36b35248 .functor BUFZ 1, C4<z>; HiZ drive
v0000017c36b24330_0 .net "reset", 0 0, o0000017c36b35248;  0 drivers
o0000017c36b35278 .functor BUFZ 1, C4<z>; HiZ drive
v0000017c36b23ed0_0 .net "rinse_filled", 0 0, o0000017c36b35278;  0 drivers
o0000017c36b352a8 .functor BUFZ 1, C4<z>; HiZ drive
v0000017c36b240b0_0 .net "spin_done", 0 0, o0000017c36b352a8;  0 drivers
v0000017c36b237f0_0 .var "spin_motor_on", 0 0;
o0000017c36b35308 .functor BUFZ 1, C4<z>; HiZ drive
v0000017c36b23a70_0 .net "start", 0 0, o0000017c36b35308;  0 drivers
o0000017c36b35338 .functor BUFZ 1, C4<z>; HiZ drive
v0000017c36b24650_0 .net "wash_done", 0 0, o0000017c36b35338;  0 drivers
E_0000017c36be80b0 .event anyedge, v0000017c36b23160_0;
E_0000017c36be8430/0 .event anyedge, v0000017c36b23160_0, v0000017c36b23a70_0, v0000017c36b233e0_0, v0000017c36b241f0_0;
E_0000017c36be8430/1 .event anyedge, v0000017c36b23200_0, v0000017c36b24650_0, v0000017c36b235c0_0, v0000017c36b23ed0_0;
E_0000017c36be8430/2 .event anyedge, v0000017c36b23660_0, v0000017c36b240b0_0;
E_0000017c36be8430 .event/or E_0000017c36be8430/0, E_0000017c36be8430/1, E_0000017c36be8430/2;
E_0000017c36be8230 .event posedge, v0000017c36b24330_0, v0000017c36bebd80_0;
    .scope S_0000017c36be6260;
T_0 ;
    %wait E_0000017c36be8230;
    %load/vec4 v0000017c36b24330_0;
    %flag_set/vec4 8;
    %jmp/0xz  T_0.0, 8;
    %pushi/vec4 0, 0, 4;
    %assign/vec4 v0000017c36b23160_0, 0;
    %jmp T_0.1;
T_0.0 ;
    %load/vec4 v0000017c36b246f0_0;
    %assign/vec4 v0000017c36b23160_0, 0;
T_0.1 ;
    %jmp T_0;
    .thread T_0;
    .scope S_0000017c36be6260;
T_1 ;
    %wait E_0000017c36be8430;
    %load/vec4 v0000017c36b23160_0;
    %dup/vec4;
    %pushi/vec4 0, 0, 4;
    %cmp/u;
    %jmp/1 T_1.0, 6;
    %dup/vec4;
    %pushi/vec4 1, 0, 4;
    %cmp/u;
    %jmp/1 T_1.1, 6;
    %dup/vec4;
    %pushi/vec4 2, 0, 4;
    %cmp/u;
    %jmp/1 T_1.2, 6;
    %dup/vec4;
    %pushi/vec4 3, 0, 4;
    %cmp/u;
    %jmp/1 T_1.3, 6;
    %dup/vec4;
    %pushi/vec4 4, 0, 4;
    %cmp/u;
    %jmp/1 T_1.4, 6;
    %dup/vec4;
    %pushi/vec4 5, 0, 4;
    %cmp/u;
    %jmp/1 T_1.5, 6;
    %dup/vec4;
    %pushi/vec4 6, 0, 4;
    %cmp/u;
    %jmp/1 T_1.6, 6;
    %dup/vec4;
    %pushi/vec4 7, 0, 4;
    %cmp/u;
    %jmp/1 T_1.7, 6;
    %dup/vec4;
    %pushi/vec4 8, 0, 4;
    %cmp/u;
    %jmp/1 T_1.8, 6;
    %pushi/vec4 0, 0, 4;
    %assign/vec4 v0000017c36b246f0_0, 0;
    %jmp T_1.10;
T_1.0 ;
    %load/vec4 v0000017c36b23a70_0;
    %load/vec4 v0000017c36b233e0_0;
    %and;
    %flag_set/vec4 8;
    %jmp/0xz  T_1.11, 8;
    %pushi/vec4 1, 0, 4;
    %assign/vec4 v0000017c36b246f0_0, 0;
    %jmp T_1.12;
T_1.11 ;
    %pushi/vec4 0, 0, 4;
    %assign/vec4 v0000017c36b246f0_0, 0;
T_1.12 ;
    %jmp T_1.10;
T_1.1 ;
    %load/vec4 v0000017c36b241f0_0;
    %flag_set/vec4 8;
    %jmp/0xz  T_1.13, 8;
    %pushi/vec4 2, 0, 4;
    %assign/vec4 v0000017c36b246f0_0, 0;
    %jmp T_1.14;
T_1.13 ;
    %pushi/vec4 1, 0, 4;
    %assign/vec4 v0000017c36b246f0_0, 0;
T_1.14 ;
    %jmp T_1.10;
T_1.2 ;
    %load/vec4 v0000017c36b23200_0;
    %flag_set/vec4 8;
    %jmp/0 T_1.15, 8;
    %pushi/vec4 3, 0, 4;
    %jmp/1 T_1.16, 8;
T_1.15 ; End of true expr.
    %pushi/vec4 2, 0, 4;
    %jmp/0 T_1.16, 8;
 ; End of false expr.
    %blend;
T_1.16;
    %assign/vec4 v0000017c36b246f0_0, 0;
    %jmp T_1.10;
T_1.3 ;
    %load/vec4 v0000017c36b24650_0;
    %flag_set/vec4 8;
    %jmp/0 T_1.17, 8;
    %pushi/vec4 4, 0, 4;
    %jmp/1 T_1.18, 8;
T_1.17 ; End of true expr.
    %pushi/vec4 3, 0, 4;
    %jmp/0 T_1.18, 8;
 ; End of false expr.
    %blend;
T_1.18;
    %assign/vec4 v0000017c36b246f0_0, 0;
    %jmp T_1.10;
T_1.4 ;
    %load/vec4 v0000017c36b235c0_0;
    %flag_set/vec4 8;
    %jmp/0 T_1.19, 8;
    %pushi/vec4 5, 0, 4;
    %jmp/1 T_1.20, 8;
T_1.19 ; End of true expr.
    %pushi/vec4 4, 0, 4;
    %jmp/0 T_1.20, 8;
 ; End of false expr.
    %blend;
T_1.20;
    %assign/vec4 v0000017c36b246f0_0, 0;
    %jmp T_1.10;
T_1.5 ;
    %load/vec4 v0000017c36b23ed0_0;
    %flag_set/vec4 8;
    %jmp/0 T_1.21, 8;
    %pushi/vec4 6, 0, 4;
    %jmp/1 T_1.22, 8;
T_1.21 ; End of true expr.
    %pushi/vec4 5, 0, 4;
    %jmp/0 T_1.22, 8;
 ; End of false expr.
    %blend;
T_1.22;
    %assign/vec4 v0000017c36b246f0_0, 0;
    %jmp T_1.10;
T_1.6 ;
    %load/vec4 v0000017c36b23660_0;
    %flag_set/vec4 8;
    %jmp/0 T_1.23, 8;
    %pushi/vec4 7, 0, 4;
    %jmp/1 T_1.24, 8;
T_1.23 ; End of true expr.
    %pushi/vec4 6, 0, 4;
    %jmp/0 T_1.24, 8;
 ; End of false expr.
    %blend;
T_1.24;
    %assign/vec4 v0000017c36b246f0_0, 0;
    %jmp T_1.10;
T_1.7 ;
    %load/vec4 v0000017c36b240b0_0;
    %flag_set/vec4 8;
    %jmp/0 T_1.25, 8;
    %pushi/vec4 8, 0, 4;
    %jmp/1 T_1.26, 8;
T_1.25 ; End of true expr.
    %pushi/vec4 7, 0, 4;
    %jmp/0 T_1.26, 8;
 ; End of false expr.
    %blend;
T_1.26;
    %assign/vec4 v0000017c36b246f0_0, 0;
    %jmp T_1.10;
T_1.8 ;
    %pushi/vec4 0, 0, 4;
    %assign/vec4 v0000017c36b246f0_0, 0;
    %jmp T_1.10;
T_1.10 ;
    %pop/vec4 1;
    %jmp T_1;
    .thread T_1, $push;
    .scope S_0000017c36be6260;
T_2 ;
    %wait E_0000017c36be80b0;
    %pushi/vec4 0, 0, 1;
    %store/vec4 v0000017c36b23700_0, 0, 1;
    %pushi/vec4 0, 0, 1;
    %store/vec4 v0000017c36b232a0_0, 0, 1;
    %pushi/vec4 0, 0, 1;
    %store/vec4 v0000017c36b24290_0, 0, 1;
    %pushi/vec4 0, 0, 1;
    %store/vec4 v0000017c36b23520_0, 0, 1;
    %pushi/vec4 0, 0, 1;
    %store/vec4 v0000017c36b23700_0, 0, 1;
    %pushi/vec4 0, 0, 1;
    %store/vec4 v0000017c36b237f0_0, 0, 1;
    %pushi/vec4 0, 0, 1;
    %store/vec4 v0000017c36b23480_0, 0, 1;
    %pushi/vec4 0, 0, 1;
    %store/vec4 v0000017c36b23340_0, 0, 1;
    %load/vec4 v0000017c36b23160_0;
    %dup/vec4;
    %pushi/vec4 0, 0, 4;
    %cmp/u;
    %jmp/1 T_2.0, 6;
    %dup/vec4;
    %pushi/vec4 1, 0, 4;
    %cmp/u;
    %jmp/1 T_2.1, 6;
    %dup/vec4;
    %pushi/vec4 2, 0, 4;
    %cmp/u;
    %jmp/1 T_2.2, 6;
    %dup/vec4;
    %pushi/vec4 3, 0, 4;
    %cmp/u;
    %jmp/1 T_2.3, 6;
    %dup/vec4;
    %pushi/vec4 4, 0, 4;
    %cmp/u;
    %jmp/1 T_2.4, 6;
    %dup/vec4;
    %pushi/vec4 5, 0, 4;
    %cmp/u;
    %jmp/1 T_2.5, 6;
    %dup/vec4;
    %pushi/vec4 6, 0, 4;
    %cmp/u;
    %jmp/1 T_2.6, 6;
    %dup/vec4;
    %pushi/vec4 7, 0, 4;
    %cmp/u;
    %jmp/1 T_2.7, 6;
    %dup/vec4;
    %pushi/vec4 8, 0, 4;
    %cmp/u;
    %jmp/1 T_2.8, 6;
    %jmp T_2.9;
T_2.0 ;
    %pushi/vec4 0, 0, 1;
    %assign/vec4 v0000017c36b23480_0, 0;
    %jmp T_2.9;
T_2.1 ;
    %pushi/vec4 1, 0, 1;
    %assign/vec4 v0000017c36b23700_0, 0;
    %pushi/vec4 1, 0, 1;
    %assign/vec4 v0000017c36b23480_0, 0;
    %jmp T_2.9;
T_2.2 ;
    %pushi/vec4 1, 0, 1;
    %assign/vec4 v0000017c36b232a0_0, 0;
    %pushi/vec4 1, 0, 1;
    %assign/vec4 v0000017c36b23480_0, 0;
    %jmp T_2.9;
T_2.3 ;
    %pushi/vec4 1, 0, 1;
    %assign/vec4 v0000017c36b24290_0, 0;
    %pushi/vec4 1, 0, 1;
    %assign/vec4 v0000017c36b23480_0, 0;
    %jmp T_2.9;
T_2.4 ;
    %pushi/vec4 1, 0, 1;
    %assign/vec4 v0000017c36b23520_0, 0;
    %pushi/vec4 1, 0, 1;
    %assign/vec4 v0000017c36b23480_0, 0;
    %jmp T_2.9;
T_2.5 ;
    %pushi/vec4 1, 0, 1;
    %assign/vec4 v0000017c36b23700_0, 0;
    %pushi/vec4 1, 0, 1;
    %assign/vec4 v0000017c36b23480_0, 0;
    %jmp T_2.9;
T_2.6 ;
    %pushi/vec4 1, 0, 1;
    %assign/vec4 v0000017c36b23520_0, 0;
    %pushi/vec4 1, 0, 1;
    %assign/vec4 v0000017c36b23480_0, 0;
    %jmp T_2.9;
T_2.7 ;
    %pushi/vec4 1, 0, 1;
    %assign/vec4 v0000017c36b237f0_0, 0;
    %pushi/vec4 1, 0, 1;
    %assign/vec4 v0000017c36b23480_0, 0;
    %jmp T_2.9;
T_2.8 ;
    %pushi/vec4 1, 0, 1;
    %assign/vec4 v0000017c36b23340_0, 0;
    %pushi/vec4 1, 0, 1;
    %assign/vec4 v0000017c36b23480_0, 0;
    %jmp T_2.9;
T_2.9 ;
    %pop/vec4 1;
    %jmp T_2;
    .thread T_2, $push;
# The file index is used to find the file name in the following table.
:file_names 3;
    "N/A";
    "<interactive>";
    "automatic_washing_machine.v";
