#! /c/Source/iverilog-install/bin/vvp
:ivl_version "12.0 (devel)" "(s20150603-1110-g18392a46)";
:ivl_delay_selection "TYPICAL";
:vpi_time_precision - 12;
:vpi_module "C:\iverilog\lib\ivl\system.vpi";
:vpi_module "C:\iverilog\lib\ivl\vhdl_sys.vpi";
:vpi_module "C:\iverilog\lib\ivl\vhdl_textio.vpi";
:vpi_module "C:\iverilog\lib\ivl\v2005_math.vpi";
:vpi_module "C:\iverilog\lib\ivl\va_math.vpi";
S_000001e148e93660 .scope module, "automatic_washing_machine_tb" "automatic_washing_machine_tb" 2 4;
 .timescale -9 -12;
v000001e148e83330_0 .var "clk", 0 0;
v000001e148e830b0_0 .var "detergent_added", 0 0;
v000001e148e83830_0 .net "detergent_valve_on", 0 0, v000001e148e36670_0;  1 drivers
v000001e148e82b10_0 .net "done", 0 0, v000001e148e82660_0;  1 drivers
v000001e148e83150_0 .var "door_close", 0 0;
v000001e148e82ed0_0 .net "door_lock", 0 0, v000001e148e827a0_0;  1 drivers
v000001e148e83290_0 .net "drain_valve_on", 0 0, v000001e148e82840_0;  1 drivers
v000001e148e833d0_0 .var "drained_1", 0 0;
v000001e148e82e30_0 .var "drained_2", 0 0;
v000001e148e82f70_0 .net "fill_valve_on", 0 0, v000001e148e82a20_0;  1 drivers
v000001e148e838d0_0 .var "filled", 0 0;
v000001e148e83510_0 .net "motor_on", 0 0, v000001e148e83470_0;  1 drivers
v000001e148e835b0_0 .var "reset", 0 0;
o000001e148e9a248 .functor BUFZ 1, C4<z>; HiZ drive
v000001e148e83650_0 .net "rinse_filled", 0 0, o000001e148e9a248;  0 drivers
v000001e148e83790_0 .var "spin_done", 0 0;
v000001e148eecad0_0 .net "spin_motor_on", 0 0, v000001e148e82c50_0;  1 drivers
v000001e148eec850_0 .var "start", 0 0;
v000001e148eebbd0_0 .var "wash_done", 0 0;
S_000001e148e937f0 .scope module, "dut" "automatic_washing_machine" 2 25, 3 3 0, S_000001e148e93660;
 .timescale -9 -12;
    .port_info 0 /INPUT 1 "clk";
    .port_info 1 /INPUT 1 "reset";
    .port_info 2 /INPUT 1 "start";
    .port_info 3 /INPUT 1 "door_close";
    .port_info 4 /INPUT 1 "filled";
    .port_info 5 /INPUT 1 "detergent_added";
    .port_info 6 /INPUT 1 "wash_done";
    .port_info 7 /INPUT 1 "drained_1";
    .port_info 8 /INPUT 1 "rinse_filled";
    .port_info 9 /INPUT 1 "drained_2";
    .port_info 10 /INPUT 1 "spin_done";
    .port_info 11 /OUTPUT 1 "fill_valve_on";
    .port_info 12 /OUTPUT 1 "detergent_valve_on";
    .port_info 13 /OUTPUT 1 "motor_on";
    .port_info 14 /OUTPUT 1 "drain_valve_on";
    .port_info 15 /OUTPUT 1 "spin_motor_on";
    .port_info 16 /OUTPUT 1 "door_lock";
    .port_info 17 /OUTPUT 1 "done";
P_000001e148e362a0 .param/l "S0" 0 3 28, C4<0000>;
P_000001e148e362d8 .param/l "S1" 0 3 29, C4<0001>;
P_000001e148e36310 .param/l "S2" 0 3 30, C4<0010>;
P_000001e148e36348 .param/l "S3" 0 3 31, C4<0011>;
P_000001e148e36380 .param/l "S4" 0 3 32, C4<0100>;
P_000001e148e363b8 .param/l "S5" 0 3 33, C4<0101>;
P_000001e148e363f0 .param/l "S6" 0 3 34, C4<0110>;
P_000001e148e36428 .param/l "S7" 0 3 35, C4<0111>;
P_000001e148e36460 .param/l "S8" 0 3 36, C4<1000>;
v000001e148e86930_0 .net "clk", 0 0, v000001e148e83330_0;  1 drivers
v000001e148e3ba80_0 .var "current_state", 3 0;
v000001e148e365d0_0 .net "detergent_added", 0 0, v000001e148e830b0_0;  1 drivers
v000001e148e36670_0 .var "detergent_valve_on", 0 0;
v000001e148e82660_0 .var "done", 0 0;
v000001e148e82700_0 .net "door_close", 0 0, v000001e148e83150_0;  1 drivers
v000001e148e827a0_0 .var "door_lock", 0 0;
v000001e148e82840_0 .var "drain_valve_on", 0 0;
v000001e148e828e0_0 .net "drained_1", 0 0, v000001e148e833d0_0;  1 drivers
v000001e148e82980_0 .net "drained_2", 0 0, v000001e148e82e30_0;  1 drivers
v000001e148e82a20_0 .var "fill_valve_on", 0 0;
v000001e148e831f0_0 .net "filled", 0 0, v000001e148e838d0_0;  1 drivers
v000001e148e83470_0 .var "motor_on", 0 0;
v000001e148e83970_0 .var "next_state", 3 0;
v000001e148e82cf0_0 .net "reset", 0 0, v000001e148e835b0_0;  1 drivers
v000001e148e82bb0_0 .net "rinse_filled", 0 0, o000001e148e9a248;  alias, 0 drivers
v000001e148e83a10_0 .net "spin_done", 0 0, v000001e148e83790_0;  1 drivers
v000001e148e82c50_0 .var "spin_motor_on", 0 0;
v000001e148e836f0_0 .net "start", 0 0, v000001e148eec850_0;  1 drivers
v000001e148e82d90_0 .net "wash_done", 0 0, v000001e148eebbd0_0;  1 drivers
E_000001e148e38a70 .event anyedge, v000001e148e3ba80_0;
E_000001e148e3ca50/0 .event anyedge, v000001e148e3ba80_0, v000001e148e836f0_0, v000001e148e82700_0, v000001e148e831f0_0;
E_000001e148e3ca50/1 .event anyedge, v000001e148e365d0_0, v000001e148e82d90_0, v000001e148e828e0_0, v000001e148e82bb0_0;
E_000001e148e3ca50/2 .event anyedge, v000001e148e82980_0, v000001e148e83a10_0;
E_000001e148e3ca50 .event/or E_000001e148e3ca50/0, E_000001e148e3ca50/1, E_000001e148e3ca50/2;
E_000001e148e3c510 .event posedge, v000001e148e82cf0_0, v000001e148e86930_0;
    .scope S_000001e148e937f0;
T_0 ;
    %wait E_000001e148e3c510;
    %load/vec4 v000001e148e82cf0_0;
    %flag_set/vec4 8;
    %jmp/0xz  T_0.0, 8;
    %pushi/vec4 0, 0, 4;
    %assign/vec4 v000001e148e3ba80_0, 0;
    %jmp T_0.1;
T_0.0 ;
    %load/vec4 v000001e148e83970_0;
    %assign/vec4 v000001e148e3ba80_0, 0;
T_0.1 ;
    %jmp T_0;
    .thread T_0;
    .scope S_000001e148e937f0;
T_1 ;
    %wait E_000001e148e3ca50;
    %load/vec4 v000001e148e3ba80_0;
    %dup/vec4;
    %pushi/vec4 0, 0, 4;
    %cmp/u;
    %jmp/1 T_1.0, 6;
    %dup/vec4;
    %pushi/vec4 1, 0, 4;
    %cmp/u;
    %jmp/1 T_1.1, 6;
    %dup/vec4;
    %pushi/vec4 2, 0, 4;
    %cmp/u;
    %jmp/1 T_1.2, 6;
    %dup/vec4;
    %pushi/vec4 3, 0, 4;
    %cmp/u;
    %jmp/1 T_1.3, 6;
    %dup/vec4;
    %pushi/vec4 4, 0, 4;
    %cmp/u;
    %jmp/1 T_1.4, 6;
    %dup/vec4;
    %pushi/vec4 5, 0, 4;
    %cmp/u;
    %jmp/1 T_1.5, 6;
    %dup/vec4;
    %pushi/vec4 6, 0, 4;
    %cmp/u;
    %jmp/1 T_1.6, 6;
    %dup/vec4;
    %pushi/vec4 7, 0, 4;
    %cmp/u;
    %jmp/1 T_1.7, 6;
    %dup/vec4;
    %pushi/vec4 8, 0, 4;
    %cmp/u;
    %jmp/1 T_1.8, 6;
    %pushi/vec4 0, 0, 4;
    %assign/vec4 v000001e148e83970_0, 0;
    %jmp T_1.10;
T_1.0 ;
    %load/vec4 v000001e148e836f0_0;
    %load/vec4 v000001e148e82700_0;
    %and;
    %flag_set/vec4 8;
    %jmp/0xz  T_1.11, 8;
    %pushi/vec4 1, 0, 4;
    %assign/vec4 v000001e148e83970_0, 0;
    %jmp T_1.12;
T_1.11 ;
    %pushi/vec4 0, 0, 4;
    %assign/vec4 v000001e148e83970_0, 0;
T_1.12 ;
    %jmp T_1.10;
T_1.1 ;
    %load/vec4 v000001e148e831f0_0;
    %flag_set/vec4 8;
    %jmp/0xz  T_1.13, 8;
    %pushi/vec4 2, 0, 4;
    %assign/vec4 v000001e148e83970_0, 0;
    %jmp T_1.14;
T_1.13 ;
    %pushi/vec4 1, 0, 4;
    %assign/vec4 v000001e148e83970_0, 0;
T_1.14 ;
    %jmp T_1.10;
T_1.2 ;
    %load/vec4 v000001e148e365d0_0;
    %flag_set/vec4 8;
    %jmp/0 T_1.15, 8;
    %pushi/vec4 3, 0, 4;
    %jmp/1 T_1.16, 8;
T_1.15 ; End of true expr.
    %pushi/vec4 2, 0, 4;
    %jmp/0 T_1.16, 8;
 ; End of false expr.
    %blend;
T_1.16;
    %assign/vec4 v000001e148e83970_0, 0;
    %jmp T_1.10;
T_1.3 ;
    %load/vec4 v000001e148e82d90_0;
    %flag_set/vec4 8;
    %jmp/0 T_1.17, 8;
    %pushi/vec4 4, 0, 4;
    %jmp/1 T_1.18, 8;
T_1.17 ; End of true expr.
    %pushi/vec4 3, 0, 4;
    %jmp/0 T_1.18, 8;
 ; End of false expr.
    %blend;
T_1.18;
    %assign/vec4 v000001e148e83970_0, 0;
    %jmp T_1.10;
T_1.4 ;
    %load/vec4 v000001e148e828e0_0;
    %flag_set/vec4 8;
    %jmp/0 T_1.19, 8;
    %pushi/vec4 5, 0, 4;
    %jmp/1 T_1.20, 8;
T_1.19 ; End of true expr.
    %pushi/vec4 4, 0, 4;
    %jmp/0 T_1.20, 8;
 ; End of false expr.
    %blend;
T_1.20;
    %assign/vec4 v000001e148e83970_0, 0;
    %jmp T_1.10;
T_1.5 ;
    %load/vec4 v000001e148e82bb0_0;
    %flag_set/vec4 8;
    %jmp/0 T_1.21, 8;
    %pushi/vec4 6, 0, 4;
    %jmp/1 T_1.22, 8;
T_1.21 ; End of true expr.
    %pushi/vec4 5, 0, 4;
    %jmp/0 T_1.22, 8;
 ; End of false expr.
    %blend;
T_1.22;
    %assign/vec4 v000001e148e83970_0, 0;
    %jmp T_1.10;
T_1.6 ;
    %load/vec4 v000001e148e82980_0;
    %flag_set/vec4 8;
    %jmp/0 T_1.23, 8;
    %pushi/vec4 7, 0, 4;
    %jmp/1 T_1.24, 8;
T_1.23 ; End of true expr.
    %pushi/vec4 6, 0, 4;
    %jmp/0 T_1.24, 8;
 ; End of false expr.
    %blend;
T_1.24;
    %assign/vec4 v000001e148e83970_0, 0;
    %jmp T_1.10;
T_1.7 ;
    %load/vec4 v000001e148e83a10_0;
    %flag_set/vec4 8;
    %jmp/0 T_1.25, 8;
    %pushi/vec4 8, 0, 4;
    %jmp/1 T_1.26, 8;
T_1.25 ; End of true expr.
    %pushi/vec4 7, 0, 4;
    %jmp/0 T_1.26, 8;
 ; End of false expr.
    %blend;
T_1.26;
    %assign/vec4 v000001e148e83970_0, 0;
    %jmp T_1.10;
T_1.8 ;
    %pushi/vec4 0, 0, 4;
    %assign/vec4 v000001e148e83970_0, 0;
    %jmp T_1.10;
T_1.10 ;
    %pop/vec4 1;
    %jmp T_1;
    .thread T_1, $push;
    .scope S_000001e148e937f0;
T_2 ;
    %wait E_000001e148e38a70;
    %pushi/vec4 0, 0, 1;
    %store/vec4 v000001e148e82a20_0, 0, 1;
    %pushi/vec4 0, 0, 1;
    %store/vec4 v000001e148e36670_0, 0, 1;
    %pushi/vec4 0, 0, 1;
    %store/vec4 v000001e148e83470_0, 0, 1;
    %pushi/vec4 0, 0, 1;
    %store/vec4 v000001e148e82840_0, 0, 1;
    %pushi/vec4 0, 0, 1;
    %store/vec4 v000001e148e82a20_0, 0, 1;
    %pushi/vec4 0, 0, 1;
    %store/vec4 v000001e148e82c50_0, 0, 1;
    %pushi/vec4 0, 0, 1;
    %store/vec4 v000001e148e827a0_0, 0, 1;
    %pushi/vec4 0, 0, 1;
    %store/vec4 v000001e148e82660_0, 0, 1;
    %load/vec4 v000001e148e3ba80_0;
    %dup/vec4;
    %pushi/vec4 0, 0, 4;
    %cmp/u;
    %jmp/1 T_2.0, 6;
    %dup/vec4;
    %pushi/vec4 1, 0, 4;
    %cmp/u;
    %jmp/1 T_2.1, 6;
    %dup/vec4;
    %pushi/vec4 2, 0, 4;
    %cmp/u;
    %jmp/1 T_2.2, 6;
    %dup/vec4;
    %pushi/vec4 3, 0, 4;
    %cmp/u;
    %jmp/1 T_2.3, 6;
    %dup/vec4;
    %pushi/vec4 4, 0, 4;
    %cmp/u;
    %jmp/1 T_2.4, 6;
    %dup/vec4;
    %pushi/vec4 5, 0, 4;
    %cmp/u;
    %jmp/1 T_2.5, 6;
    %dup/vec4;
    %pushi/vec4 6, 0, 4;
    %cmp/u;
    %jmp/1 T_2.6, 6;
    %dup/vec4;
    %pushi/vec4 7, 0, 4;
    %cmp/u;
    %jmp/1 T_2.7, 6;
    %dup/vec4;
    %pushi/vec4 8, 0, 4;
    %cmp/u;
    %jmp/1 T_2.8, 6;
    %jmp T_2.9;
T_2.0 ;
    %pushi/vec4 0, 0, 1;
    %assign/vec4 v000001e148e827a0_0, 0;
    %jmp T_2.9;
T_2.1 ;
    %pushi/vec4 1, 0, 1;
    %assign/vec4 v000001e148e82a20_0, 0;
    %pushi/vec4 1, 0, 1;
    %assign/vec4 v000001e148e827a0_0, 0;
    %jmp T_2.9;
T_2.2 ;
    %pushi/vec4 1, 0, 1;
    %assign/vec4 v000001e148e36670_0, 0;
    %pushi/vec4 1, 0, 1;
    %assign/vec4 v000001e148e827a0_0, 0;
    %jmp T_2.9;
T_2.3 ;
    %pushi/vec4 1, 0, 1;
    %assign/vec4 v000001e148e83470_0, 0;
    %pushi/vec4 1, 0, 1;
    %assign/vec4 v000001e148e827a0_0, 0;
    %jmp T_2.9;
T_2.4 ;
    %pushi/vec4 1, 0, 1;
    %assign/vec4 v000001e148e82840_0, 0;
    %pushi/vec4 1, 0, 1;
    %assign/vec4 v000001e148e827a0_0, 0;
    %jmp T_2.9;
T_2.5 ;
    %pushi/vec4 1, 0, 1;
    %assign/vec4 v000001e148e82a20_0, 0;
    %pushi/vec4 1, 0, 1;
    %assign/vec4 v000001e148e827a0_0, 0;
    %jmp T_2.9;
T_2.6 ;
    %pushi/vec4 1, 0, 1;
    %assign/vec4 v000001e148e82840_0, 0;
    %pushi/vec4 1, 0, 1;
    %assign/vec4 v000001e148e827a0_0, 0;
    %jmp T_2.9;
T_2.7 ;
    %pushi/vec4 1, 0, 1;
    %assign/vec4 v000001e148e82c50_0, 0;
    %pushi/vec4 1, 0, 1;
    %assign/vec4 v000001e148e827a0_0, 0;
    %jmp T_2.9;
T_2.8 ;
    %pushi/vec4 1, 0, 1;
    %assign/vec4 v000001e148e82660_0, 0;
    %pushi/vec4 1, 0, 1;
    %assign/vec4 v000001e148e827a0_0, 0;
    %jmp T_2.9;
T_2.9 ;
    %pop/vec4 1;
    %jmp T_2;
    .thread T_2, $push;
# The file index is used to find the file name in the following table.
:file_names 4;
    "N/A";
    "<interactive>";
    "automatic_washing_machine_tb.v";
    "./automatic_washing_machine.v";
