#! /c/Source/iverilog-install/bin/vvp
:ivl_version "12.0 (devel)" "(s20150603-1110-g18392a46)";
:ivl_delay_selection "TYPICAL";
:vpi_time_precision - 12;
:vpi_module "C:\iverilog\lib\ivl\system.vpi";
:vpi_module "C:\iverilog\lib\ivl\vhdl_sys.vpi";
:vpi_module "C:\iverilog\lib\ivl\vhdl_textio.vpi";
:vpi_module "C:\iverilog\lib\ivl\v2005_math.vpi";
:vpi_module "C:\iverilog\lib\ivl\va_math.vpi";
S_00000230fb5c6260 .scope module, "Traffic_Light_Controller" "Traffic_Light_Controller" 2 4;
 .timescale -9 -12;
    .port_info 0 /INPUT 1 "clk";
    .port_info 1 /INPUT 1 "reset";
    .port_info 2 /OUTPUT 3 "light_M1";
    .port_info 3 /OUTPUT 3 "light_M2";
    .port_info 4 /OUTPUT 3 "light_MT";
    .port_info 5 /OUTPUT 3 "light_S";
P_00000230fb5c63f0 .param/l "S1" 0 2 15, C4<001>;
P_00000230fb5c6428 .param/l "S2" 0 2 16, C4<010>;
P_00000230fb5c6460 .param/l "S3" 0 2 17, C4<011>;
P_00000230fb5c6498 .param/l "S4" 0 2 18, C4<100>;
P_00000230fb5c64d0 .param/l "S5" 0 2 19, C4<101>;
P_00000230fb5c6508 .param/l "S6" 0 2 20, C4<110>;
P_00000230fb5c6540 .param/l "sec2" 0 2 26, +C4<00000000000000000000000000000010>;
P_00000230fb5c6578 .param/l "sec3" 0 2 27, +C4<00000000000000000000000000000011>;
P_00000230fb5c65b0 .param/l "sec5" 0 2 28, +C4<00000000000000000000000000000101>;
P_00000230fb5c65e8 .param/l "sec7" 0 2 29, +C4<00000000000000000000000000000111>;
o00000230fb695fd8 .functor BUFZ 1, C4<z>; HiZ drive
v00000230fb5c6910_0 .net "clk", 0 0, o00000230fb695fd8;  0 drivers
v00000230fb5c6630_0 .var "count", 3 0;
v00000230fb6de840_0 .var "light_M1", 2 0;
v00000230fb6de8e0_0 .var "light_M2", 2 0;
v00000230fb6de980_0 .var "light_MT", 2 0;
v00000230fb6dea20_0 .var "light_S", 2 0;
v00000230fb6deac0_0 .var "ps", 2 0;
o00000230fb696128 .functor BUFZ 1, C4<z>; HiZ drive
v00000230fb6deb60_0 .net "reset", 0 0, o00000230fb696128;  0 drivers
E_00000230fb676ca0 .event anyedge, v00000230fb6deac0_0;
E_00000230fb6764e0 .event posedge, v00000230fb6deb60_0, v00000230fb5c6910_0;
    .scope S_00000230fb5c6260;
T_0 ;
    %wait E_00000230fb6764e0;
    %load/vec4 v00000230fb6deb60_0;
    %flag_set/vec4 8;
    %jmp/0xz  T_0.0, 8;
    %pushi/vec4 1, 0, 3;
    %assign/vec4 v00000230fb6deac0_0, 0;
    %pushi/vec4 0, 0, 4;
    %assign/vec4 v00000230fb5c6630_0, 0;
    %jmp T_0.1;
T_0.0 ;
    %load/vec4 v00000230fb6deac0_0;
    %dup/vec4;
    %pushi/vec4 1, 0, 3;
    %cmp/u;
    %jmp/1 T_0.2, 6;
    %dup/vec4;
    %pushi/vec4 2, 0, 3;
    %cmp/u;
    %jmp/1 T_0.3, 6;
    %dup/vec4;
    %pushi/vec4 3, 0, 3;
    %cmp/u;
    %jmp/1 T_0.4, 6;
    %dup/vec4;
    %pushi/vec4 4, 0, 3;
    %cmp/u;
    %jmp/1 T_0.5, 6;
    %dup/vec4;
    %pushi/vec4 5, 0, 3;
    %cmp/u;
    %jmp/1 T_0.6, 6;
    %dup/vec4;
    %pushi/vec4 6, 0, 3;
    %cmp/u;
    %jmp/1 T_0.7, 6;
    %pushi/vec4 1, 0, 3;
    %assign/vec4 v00000230fb6deac0_0, 0;
    %pushi/vec4 0, 0, 4;
    %assign/vec4 v00000230fb5c6630_0, 0;
    %jmp T_0.9;
T_0.2 ;
    %load/vec4 v00000230fb5c6630_0;
    %pad/u 32;
    %cmpi/u 7, 0, 32;
    %jmp/0xz  T_0.10, 5;
    %pushi/vec4 1, 0, 3;
    %assign/vec4 v00000230fb6deac0_0, 0;
    %load/vec4 v00000230fb5c6630_0;
    %addi 1, 0, 4;
    %assign/vec4 v00000230fb5c6630_0, 0;
    %jmp T_0.11;
T_0.10 ;
    %pushi/vec4 2, 0, 3;
    %assign/vec4 v00000230fb6deac0_0, 0;
    %pushi/vec4 0, 0, 4;
    %assign/vec4 v00000230fb5c6630_0, 0;
T_0.11 ;
    %jmp T_0.9;
T_0.3 ;
    %load/vec4 v00000230fb5c6630_0;
    %pad/u 32;
    %cmpi/u 2, 0, 32;
    %jmp/0xz  T_0.12, 5;
    %pushi/vec4 2, 0, 3;
    %assign/vec4 v00000230fb6deac0_0, 0;
    %load/vec4 v00000230fb5c6630_0;
    %addi 1, 0, 4;
    %assign/vec4 v00000230fb5c6630_0, 0;
    %jmp T_0.13;
T_0.12 ;
    %pushi/vec4 3, 0, 3;
    %assign/vec4 v00000230fb6deac0_0, 0;
    %pushi/vec4 0, 0, 4;
    %assign/vec4 v00000230fb5c6630_0, 0;
T_0.13 ;
    %jmp T_0.9;
T_0.4 ;
    %load/vec4 v00000230fb5c6630_0;
    %pad/u 32;
    %cmpi/u 5, 0, 32;
    %jmp/0xz  T_0.14, 5;
    %pushi/vec4 3, 0, 3;
    %assign/vec4 v00000230fb6deac0_0, 0;
    %load/vec4 v00000230fb5c6630_0;
    %addi 1, 0, 4;
    %assign/vec4 v00000230fb5c6630_0, 0;
    %jmp T_0.15;
T_0.14 ;
    %pushi/vec4 4, 0, 3;
    %assign/vec4 v00000230fb6deac0_0, 0;
    %pushi/vec4 0, 0, 4;
    %assign/vec4 v00000230fb5c6630_0, 0;
T_0.15 ;
    %jmp T_0.9;
T_0.5 ;
    %load/vec4 v00000230fb5c6630_0;
    %pad/u 32;
    %cmpi/u 2, 0, 32;
    %jmp/0xz  T_0.16, 5;
    %pushi/vec4 4, 0, 3;
    %assign/vec4 v00000230fb6deac0_0, 0;
    %load/vec4 v00000230fb5c6630_0;
    %addi 1, 0, 4;
    %assign/vec4 v00000230fb5c6630_0, 0;
    %jmp T_0.17;
T_0.16 ;
    %pushi/vec4 5, 0, 3;
    %assign/vec4 v00000230fb6deac0_0, 0;
    %pushi/vec4 0, 0, 4;
    %assign/vec4 v00000230fb5c6630_0, 0;
T_0.17 ;
    %jmp T_0.9;
T_0.6 ;
    %load/vec4 v00000230fb5c6630_0;
    %pad/u 32;
    %cmpi/u 3, 0, 32;
    %jmp/0xz  T_0.18, 5;
    %pushi/vec4 5, 0, 3;
    %assign/vec4 v00000230fb6deac0_0, 0;
    %load/vec4 v00000230fb5c6630_0;
    %addi 1, 0, 4;
    %assign/vec4 v00000230fb5c6630_0, 0;
    %jmp T_0.19;
T_0.18 ;
    %pushi/vec4 6, 0, 3;
    %assign/vec4 v00000230fb6deac0_0, 0;
    %pushi/vec4 0, 0, 4;
    %assign/vec4 v00000230fb5c6630_0, 0;
T_0.19 ;
    %jmp T_0.9;
T_0.7 ;
    %load/vec4 v00000230fb5c6630_0;
    %pad/u 32;
    %cmpi/u 2, 0, 32;
    %jmp/0xz  T_0.20, 5;
    %pushi/vec4 6, 0, 3;
    %assign/vec4 v00000230fb6deac0_0, 0;
    %load/vec4 v00000230fb5c6630_0;
    %addi 1, 0, 4;
    %assign/vec4 v00000230fb5c6630_0, 0;
    %jmp T_0.21;
T_0.20 ;
    %pushi/vec4 1, 0, 3;
    %assign/vec4 v00000230fb6deac0_0, 0;
    %pushi/vec4 0, 0, 4;
    %assign/vec4 v00000230fb5c6630_0, 0;
T_0.21 ;
    %jmp T_0.9;
T_0.9 ;
    %pop/vec4 1;
    %vpi_call 2 112 "$display", "State = %b, Count = %b", v00000230fb6deac0_0, v00000230fb5c6630_0 {0 0 0};
T_0.1 ;
    %jmp T_0;
    .thread T_0;
    .scope S_00000230fb5c6260;
T_1 ;
    %wait E_00000230fb676ca0;
    %load/vec4 v00000230fb6deac0_0;
    %dup/vec4;
    %pushi/vec4 1, 0, 3;
    %cmp/u;
    %jmp/1 T_1.0, 6;
    %dup/vec4;
    %pushi/vec4 2, 0, 3;
    %cmp/u;
    %jmp/1 T_1.1, 6;
    %dup/vec4;
    %pushi/vec4 3, 0, 3;
    %cmp/u;
    %jmp/1 T_1.2, 6;
    %dup/vec4;
    %pushi/vec4 4, 0, 3;
    %cmp/u;
    %jmp/1 T_1.3, 6;
    %dup/vec4;
    %pushi/vec4 5, 0, 3;
    %cmp/u;
    %jmp/1 T_1.4, 6;
    %dup/vec4;
    %pushi/vec4 6, 0, 3;
    %cmp/u;
    %jmp/1 T_1.5, 6;
    %pushi/vec4 0, 0, 3;
    %assign/vec4 v00000230fb6de840_0, 0;
    %pushi/vec4 0, 0, 3;
    %assign/vec4 v00000230fb6de8e0_0, 0;
    %pushi/vec4 0, 0, 3;
    %assign/vec4 v00000230fb6de980_0, 0;
    %pushi/vec4 0, 0, 3;
    %assign/vec4 v00000230fb6dea20_0, 0;
    %jmp T_1.7;
T_1.0 ;
    %pushi/vec4 1, 0, 3;
    %assign/vec4 v00000230fb6de840_0, 0;
    %pushi/vec4 1, 0, 3;
    %assign/vec4 v00000230fb6de8e0_0, 0;
    %pushi/vec4 4, 0, 3;
    %assign/vec4 v00000230fb6de980_0, 0;
    %pushi/vec4 4, 0, 3;
    %assign/vec4 v00000230fb6dea20_0, 0;
    %jmp T_1.7;
T_1.1 ;
    %pushi/vec4 1, 0, 3;
    %assign/vec4 v00000230fb6de840_0, 0;
    %pushi/vec4 2, 0, 3;
    %assign/vec4 v00000230fb6de8e0_0, 0;
    %pushi/vec4 4, 0, 3;
    %assign/vec4 v00000230fb6de980_0, 0;
    %pushi/vec4 4, 0, 3;
    %assign/vec4 v00000230fb6dea20_0, 0;
    %jmp T_1.7;
T_1.2 ;
    %pushi/vec4 1, 0, 3;
    %assign/vec4 v00000230fb6de840_0, 0;
    %pushi/vec4 4, 0, 3;
    %assign/vec4 v00000230fb6de8e0_0, 0;
    %pushi/vec4 1, 0, 3;
    %assign/vec4 v00000230fb6de980_0, 0;
    %pushi/vec4 4, 0, 3;
    %assign/vec4 v00000230fb6dea20_0, 0;
    %jmp T_1.7;
T_1.3 ;
    %pushi/vec4 2, 0, 3;
    %assign/vec4 v00000230fb6de840_0, 0;
    %pushi/vec4 4, 0, 3;
    %assign/vec4 v00000230fb6de8e0_0, 0;
    %pushi/vec4 2, 0, 3;
    %assign/vec4 v00000230fb6de980_0, 0;
    %pushi/vec4 4, 0, 3;
    %assign/vec4 v00000230fb6dea20_0, 0;
    %jmp T_1.7;
T_1.4 ;
    %pushi/vec4 4, 0, 3;
    %assign/vec4 v00000230fb6de840_0, 0;
    %pushi/vec4 4, 0, 3;
    %assign/vec4 v00000230fb6de8e0_0, 0;
    %pushi/vec4 4, 0, 3;
    %assign/vec4 v00000230fb6de980_0, 0;
    %pushi/vec4 1, 0, 3;
    %assign/vec4 v00000230fb6dea20_0, 0;
    %jmp T_1.7;
T_1.5 ;
    %pushi/vec4 4, 0, 3;
    %assign/vec4 v00000230fb6de840_0, 0;
    %pushi/vec4 4, 0, 3;
    %assign/vec4 v00000230fb6de8e0_0, 0;
    %pushi/vec4 4, 0, 3;
    %assign/vec4 v00000230fb6de980_0, 0;
    %pushi/vec4 2, 0, 3;
    %assign/vec4 v00000230fb6dea20_0, 0;
    %jmp T_1.7;
T_1.7 ;
    %pop/vec4 1;
    %jmp T_1;
    .thread T_1, $push;
# The file index is used to find the file name in the following table.
:file_names 3;
    "N/A";
    "<interactive>";
    "Traffic_Light_Controller.v";
